c:\users\kasab\source\repos\atcoder\debug\vc142.pdb
c:\users\kasab\source\repos\atcoder\debug\vc142.idb
c:\users\kasab\source\repos\atcoder\debug\atcoderinput.obj
c:\users\kasab\source\repos\atcoder\debug\atcodercheck.obj
c:\users\kasab\source\repos\atcoder\debug\main.obj
c:\users\kasab\source\repos\atcoder\debug\question198a.obj
c:\users\kasab\source\repos\atcoder\debug\utility.obj
c:\users\kasab\source\repos\atcoder\debug\atcoderquestionbase.obj
c:\users\kasab\source\repos\atcoder\debug\atcoderinout.obj
c:\users\kasab\source\repos\atcoder\debug\atcoder.tlog\cl.command.1.tlog
c:\users\kasab\source\repos\atcoder\debug\atcoder.tlog\cl.read.1.tlog
c:\users\kasab\source\repos\atcoder\debug\atcoder.tlog\cl.write.1.tlog
c:\users\kasab\source\repos\atcoder\debug\atcoder.tlog\link-cvtres.read.1.tlog
c:\users\kasab\source\repos\atcoder\debug\atcoder.tlog\link-cvtres.write.1.tlog
c:\users\kasab\source\repos\atcoder\debug\atcoder.tlog\link-rc.read.1.tlog
c:\users\kasab\source\repos\atcoder\debug\atcoder.tlog\link-rc.write.1.tlog
c:\users\kasab\source\repos\atcoder\debug\atcoder.tlog\link.15108-cvtres.read.1.tlog
c:\users\kasab\source\repos\atcoder\debug\atcoder.tlog\link.15108-cvtres.write.1.tlog
c:\users\kasab\source\repos\atcoder\debug\atcoder.tlog\link.15108-rc.read.1.tlog
c:\users\kasab\source\repos\atcoder\debug\atcoder.tlog\link.15108-rc.write.1.tlog
c:\users\kasab\source\repos\atcoder\debug\atcoder.tlog\link.15108.read.1.tlog
c:\users\kasab\source\repos\atcoder\debug\atcoder.tlog\link.15108.write.1.tlog
c:\users\kasab\source\repos\atcoder\debug\atcoder.tlog\link.command.1.tlog
c:\users\kasab\source\repos\atcoder\debug\atcoder.tlog\link.read.1.tlog
c:\users\kasab\source\repos\atcoder\debug\atcoder.tlog\link.write.1.tlog
