c:\users\kasab\source\repos\atcoder\x64\debug\vc142.pdb
c:\users\kasab\source\repos\atcoder\x64\debug\vc142.idb
c:\users\kasab\source\repos\atcoder\x64\debug\utility.obj
c:\users\kasab\source\repos\atcoder\x64\debug\atcoderinout.obj
c:\users\kasab\source\repos\atcoder\x64\debug\questionb201f.obj
c:\users\kasab\source\repos\atcoder\x64\debug\questionb201e.obj
c:\users\kasab\source\repos\atcoder\x64\debug\questionb201d.obj
c:\users\kasab\source\repos\atcoder\x64\debug\questionb201c.obj
c:\users\kasab\source\repos\atcoder\x64\debug\questionb201b.obj
c:\users\kasab\source\repos\atcoder\x64\debug\questionb201a.obj
c:\users\kasab\source\repos\atcoder\x64\debug\main.obj
c:\users\kasab\source\repos\atcoder\x64\debug\inputmanager.obj
c:\users\kasab\source\repos\atcoder\x64\debug\questionb203f.obj
c:\users\kasab\source\repos\atcoder\x64\debug\questionb203e.obj
c:\users\kasab\source\repos\atcoder\x64\debug\questionb203d.obj
c:\users\kasab\source\repos\atcoder\x64\debug\questionb203c.obj
c:\users\kasab\source\repos\atcoder\x64\debug\questionb203b.obj
c:\users\kasab\source\repos\atcoder\x64\debug\questionb203a.obj
c:\users\kasab\source\repos\atcoder\x64\debug\atcoder.ilk
c:\users\kasab\source\repos\atcoder\x64\debug\atcoder.exe
c:\users\kasab\source\repos\atcoder\x64\debug\atcoder.pdb
c:\users\kasab\source\repos\atcoder\x64\debug\atcoder.tlog\cl.command.1.tlog
c:\users\kasab\source\repos\atcoder\x64\debug\atcoder.tlog\cl.read.1.tlog
c:\users\kasab\source\repos\atcoder\x64\debug\atcoder.tlog\cl.write.1.tlog
c:\users\kasab\source\repos\atcoder\x64\debug\atcoder.tlog\link.command.1.tlog
c:\users\kasab\source\repos\atcoder\x64\debug\atcoder.tlog\link.read.1.tlog
c:\users\kasab\source\repos\atcoder\x64\debug\atcoder.tlog\link.write.1.tlog
